#
# There is insufficient memory for the Java Runtime Environment to continue.
# Native memory allocation (malloc) failed to allocate 4092 bytes for AllocateHeap
# Possible reasons:
#   The system is out of physical RAM or swap space
#   In 32 bit mode, the process size limit was hit
# Possible solutions:
#   Reduce memory load on the system
#   Increase physical memory or swap space
#   Check if swap backing store is full
#   Use 64 bit Java on a 64 bit OS
#   Decrease Java heap size (-Xmx/-Xms)
#   Decrease number of Java threads
#   Decrease Java thread stack sizes (-Xss)
#   Set larger code cache with -XX:ReservedCodeCacheSize=
# This output file may be truncated or incomplete.
#
#  Out of Memory Error (memory/allocation.inline.hpp:61), pid=9204, tid=0x000010d0
#
# JRE version: Java(TM) SE Runtime Environment (8.0_101-b13) (build 1.8.0_101-b13)
# Java VM: Java HotSpot(TM) Client VM (25.101-b13 mixed mode windows-x86 )
# Failed to write core dump. Minidumps are not enabled by default on client versions of Windows
#

---------------  T H R E A D  ---------------

Current thread (0x0233d400):  VMThread [stack: 0x04340000,0x04390000] [id=4304]

Stack: [0x04340000,0x04390000],  sp=0x0438eeec,  free space=315k
Native frames: (J=compiled Java code, j=interpreted, Vv=VM code, C=native code)
V  [jvm.dll+0x1a985b]
V  [jvm.dll+0x1a2068]
V  [jvm.dll+0x9442d]
V  [jvm.dll+0xba68f]
V  [jvm.dll+0x9551d]
V  [jvm.dll+0x9562a]
V  [jvm.dll+0x95806]
V  [jvm.dll+0xd117b]
V  [jvm.dll+0x9486a]
V  [jvm.dll+0x95570]
V  [jvm.dll+0x9562a]
V  [jvm.dll+0xbafcc]
V  [jvm.dll+0xa518f]
V  [jvm.dll+0x9a531]
V  [jvm.dll+0x98207]
V  [jvm.dll+0x941d7]
V  [jvm.dll+0x98e73]
V  [jvm.dll+0x92e25]
V  [jvm.dll+0x1b81c6]
V  [jvm.dll+0x18292b]
V  [jvm.dll+0x181d31]
V  [jvm.dll+0x182147]
V  [jvm.dll+0x182342]
V  [jvm.dll+0x1c1ed6]
C  [msvcr100.dll+0x5c556]
C  [msvcr100.dll+0x5c600]
C  [KERNEL32.DLL+0x1919f]
C  [ntdll.dll+0x5b54f]
C  [ntdll.dll+0x5b51a]

VM_Operation (0x4539edd8): GenCollectForAllocation, mode: safepoint, requested by thread 0x44d58c00


---------------  P R O C E S S  ---------------

Java Threads: ( => current thread )
  0x44d59800 JavaThread "pool-2-thread-1" [_thread_blocked, id=6408, stack(0x453e0000,0x45430000)]
  0x44d58c00 JavaThread "pool-1-thread-1" [_thread_blocked, id=3928, stack(0x45350000,0x453a0000)]
  0x44c06800 JavaThread "Service Thread" daemon [_thread_blocked, id=1820, stack(0x45230000,0x45280000)]
  0x44c0b000 JavaThread "C1 CompilerThread0" daemon [_thread_blocked, id=8948, stack(0x451a0000,0x451f0000)]
  0x44c0a000 JavaThread "Attach Listener" daemon [_thread_blocked, id=9172, stack(0x45110000,0x45160000)]
  0x44c08000 JavaThread "Signal Dispatcher" daemon [_thread_blocked, id=1000, stack(0x45080000,0x450d0000)]
  0x44bea400 JavaThread "Finalizer" daemon [_thread_blocked, id=4184, stack(0x44e60000,0x44eb0000)]
  0x44bd4800 JavaThread "Reference Handler" daemon [_thread_blocked, id=7124, stack(0x44dd0000,0x44e20000)]
  0x0223cc00 JavaThread "main" [_thread_blocked, id=4384, stack(0x02120000,0x02170000)]

Other Threads:
=>0x0233d400 VMThread [stack: 0x04340000,0x04390000] [id=4304]
  0x44c33800 WatcherThread [stack: 0x452c0000,0x45310000] [id=8788]

VM state:at safepoint (normal execution)

VM Mutex/Monitor currently owned by a thread:  ([mutex/lock_event])
[0x0223b1e8] Threads_lock - owner thread: 0x0233d400
[0x0223bb98] Heap_lock - owner thread: 0x44d58c00

Heap:
 def new generation   total 68544K, used 60992K [0x04400000, 0x08e50000, 0x19950000)
  eden space 60992K, 100% used [0x04400000, 0x07f90000, 0x07f90000)
  from space 7552K,   0% used [0x07f90000, 0x07f90000, 0x086f0000)
  to   space 7552K, 100% used [0x086f0000, 0x08e50000, 0x08e50000)
 tenured generation   total 154132K, used 154132K [0x19950000, 0x22fd5000, 0x44400000)
   the space 154132K, 100% used [0x19950000, 0x22fd5000, 0x22fd5000, 0x22fd5000)
 Metaspace       used 3474K, capacity 3494K, committed 3520K, reserved 4480K

Card table byte_map: [0x44400000,0x44610000] byte_map_base: 0x443de000

Polling page: 0x00750000

CodeCache: size=32768Kb used=3237Kb max_used=3237Kb free=29530Kb
 bounds [0x02340000, 0x02670000, 0x04340000]
 total_blobs=1650 nmethods=1505 adapters=75
 compilation: enabled

Compilation events (10 events):
Event: 11.630 Thread 0x44c0b000 1504             com.android.dx.cf.direct.StdAttributeFactory::constantValue (94 bytes)
Event: 11.632 Thread 0x44c0b000 nmethod 1504 0x02665048 code [0x026652c0, 0x02665d84]
Event: 11.632 Thread 0x44c0b000 1505             com.android.dx.cf.attrib.AttConstantValue::<init> (71 bytes)
Event: 11.633 Thread 0x44c0b000 nmethod 1505 0x025e9188 code [0x025e92b0, 0x025e9508]
Event: 11.634 Thread 0x44c0b000 1506             com.android.dx.cf.attrib.AttConstantValue::byteLength (3 bytes)
Event: 11.634 Thread 0x44c0b000 nmethod 1506 0x025e8fc8 code [0x025e90c0, 0x025e9140]
Event: 11.634 Thread 0x44c0b000 1507             com.android.dx.dex.file.ClassDataItem::<init> (96 bytes)
Event: 11.635 Thread 0x44c0b000 nmethod 1507 0x025e8888 code [0x025e8a00, 0x025e8da4]
Event: 12.507 Thread 0x44c0b000 1508             java.util.zip.ZipEntry::setExtra0 (360 bytes)
Event: 12.511 Thread 0x44c0b000 nmethod 1508 0x02666f48 code [0x02667130, 0x02668394]

GC Heap History (10 events):
Event: 7.874 GC heap after
Heap after GC invocations=56 (full 5):
 def new generation   total 38528K, used 4223K [0x04400000, 0x06dc0000, 0x19950000)
  eden space 34304K,   0% used [0x04400000, 0x04400000, 0x06580000)
  from space 4224K,  99% used [0x06580000, 0x0699fff8, 0x069a0000)
  to   space 4224K,   0% used [0x069a0000, 0x069a0000, 0x06dc0000)
 tenured generation   total 144500K, used 132650K [0x19950000, 0x2266d000, 0x44400000)
   the space 144500K,  91% used [0x19950000, 0x21ada980, 0x21adaa00, 0x2266d000)
 Metaspace       used 3474K, capacity 3494K, committed 3520K, reserved 4480K
}
Event: 8.037 GC heap before
{Heap before GC invocations=56 (full 5):
 def new generation   total 38528K, used 38527K [0x04400000, 0x06dc0000, 0x19950000)
  eden space 34304K, 100% used [0x04400000, 0x06580000, 0x06580000)
  from space 4224K,  99% used [0x06580000, 0x0699fff8, 0x069a0000)
  to   space 4224K,   0% used [0x069a0000, 0x069a0000, 0x06dc0000)
 tenured generation   total 144500K, used 132650K [0x19950000, 0x2266d000, 0x44400000)
   the space 144500K,  91% used [0x19950000, 0x21ada980, 0x21adaa00, 0x2266d000)
 Metaspace       used 3474K, capacity 3494K, committed 3520K, reserved 4480K
Event: 8.073 GC heap after
Heap after GC invocations=57 (full 5):
 def new generation   total 38528K, used 4224K [0x04400000, 0x06dc0000, 0x19950000)
  eden space 34304K,   0% used [0x04400000, 0x04400000, 0x06580000)
  from space 4224K, 100% used [0x069a0000, 0x06dc0000, 0x06dc0000)
  to   space 4224K,   0% used [0x06580000, 0x06580000, 0x069a0000)
 tenured generation   total 144500K, used 137423K [0x19950000, 0x2266d000, 0x44400000)
   the space 144500K,  95% used [0x19950000, 0x21f83d88, 0x21f83e00, 0x2266d000)
 Metaspace       used 3474K, capacity 3494K, committed 3520K, reserved 4480K
}
Event: 8.191 GC heap before
{Heap before GC invocations=57 (full 5):
 def new generation   total 38528K, used 38528K [0x04400000, 0x06dc0000, 0x19950000)
  eden space 34304K, 100% used [0x04400000, 0x06580000, 0x06580000)
  from space 4224K, 100% used [0x069a0000, 0x06dc0000, 0x06dc0000)
  to   space 4224K,   0% used [0x06580000, 0x06580000, 0x069a0000)
 tenured generation   total 144500K, used 137423K [0x19950000, 0x2266d000, 0x44400000)
   the space 144500K,  95% used [0x19950000, 0x21f83d88, 0x21f83e00, 0x2266d000)
 Metaspace       used 3474K, capacity 3494K, committed 3520K, reserved 4480K
Event: 8.231 GC heap after
Heap after GC invocations=58 (full 5):
 def new generation   total 38528K, used 4224K [0x04400000, 0x06dc0000, 0x19950000)
  eden space 34304K,   0% used [0x04400000, 0x04400000, 0x06580000)
  from space 4224K, 100% used [0x06580000, 0x069a0000, 0x069a0000)
  to   space 4224K,   0% used [0x069a0000, 0x069a0000, 0x06dc0000)
 tenured generation   total 144500K, used 142633K [0x19950000, 0x2266d000, 0x44400000)
   the space 144500K,  98% used [0x19950000, 0x2249a640, 0x2249a800, 0x2266d000)
 Metaspace       used 3474K, capacity 3494K, committed 3520K, reserved 4480K
}
Event: 8.328 GC heap before
{Heap before GC invocations=58 (full 5):
 def new generation   total 38528K, used 38528K [0x04400000, 0x06dc0000, 0x19950000)
  eden space 34304K, 100% used [0x04400000, 0x06580000, 0x06580000)
  from space 4224K, 100% used [0x06580000, 0x069a0000, 0x069a0000)
  to   space 4224K,   0% used [0x069a0000, 0x069a0000, 0x06dc0000)
 tenured generation   total 144500K, used 142633K [0x19950000, 0x2266d000, 0x44400000)
   the space 144500K,  98% used [0x19950000, 0x2249a640, 0x2249a800, 0x2266d000)
 Metaspace       used 3474K, capacity 3494K, committed 3520K, reserved 4480K
Event: 8.984 GC heap after
Heap after GC invocations=59 (full 6):
 def new generation   total 66176K, used 4149K [0x04400000, 0x08bc0000, 0x19950000)
  eden space 58880K,   7% used [0x04400000, 0x0480d480, 0x07d80000)
  from space 7296K,   0% used [0x07d80000, 0x07d80000, 0x084a0000)
  to   space 7296K,   0% used [0x084a0000, 0x084a0000, 0x08bc0000)
 tenured generation   total 146804K, used 146803K [0x19950000, 0x228ad000, 0x44400000)
   the space 146804K,  99% used [0x19950000, 0x228acff0, 0x228ad000, 0x228ad000)
 Metaspace       used 3474K, capacity 3494K, committed 3520K, reserved 4480K
}
Event: 10.808 GC heap before
{Heap before GC invocations=59 (full 6):
 def new generation   total 66176K, used 58880K [0x04400000, 0x08bc0000, 0x19950000)
  eden space 58880K, 100% used [0x04400000, 0x07d80000, 0x07d80000)
  from space 7296K,   0% used [0x07d80000, 0x07d80000, 0x084a0000)
  to   space 7296K,   0% used [0x084a0000, 0x084a0000, 0x08bc0000)
 tenured generation   total 146804K, used 146803K [0x19950000, 0x228ad000, 0x44400000)
   the space 146804K,  99% used [0x19950000, 0x228acff0, 0x228ad000, 0x228ad000)
 Metaspace       used 3474K, capacity 3494K, committed 3520K, reserved 4480K
Event: 11.625 GC heap after
Heap after GC invocations=60 (full 7):
 def new generation   total 68544K, used 6932K [0x04400000, 0x08e50000, 0x19950000)
  eden space 60992K,  11% used [0x04400000, 0x04ac5330, 0x07f90000)
  from space 7552K,   0% used [0x07f90000, 0x07f90000, 0x086f0000)
  to   space 7552K,   0% used [0x086f0000, 0x086f0000, 0x08e50000)
 tenured generation   total 152052K, used 152051K [0x19950000, 0x22dcd000, 0x44400000)
   the space 152052K,  99% used [0x19950000, 0x22dccff8, 0x22dcd000, 0x22dcd000)
 Metaspace       used 3474K, capacity 3494K, committed 3520K, reserved 4480K
}
Event: 13.160 GC heap before
{Heap before GC invocations=60 (full 7):
 def new generation   total 68544K, used 60992K [0x04400000, 0x08e50000, 0x19950000)
  eden space 60992K, 100% used [0x04400000, 0x07f90000, 0x07f90000)
  from space 7552K,   0% used [0x07f90000, 0x07f90000, 0x086f0000)
  to   space 7552K,   0% used [0x086f0000, 0x086f0000, 0x08e50000)
 tenured generation   total 152052K, used 152051K [0x19950000, 0x22dcd000, 0x44400000)
   the space 152052K,  99% used [0x19950000, 0x22dccff8, 0x22dcd000, 0x22dcd000)
 Metaspace       used 3474K, capacity 3494K, committed 3520K, reserved 4480K

Deoptimization events (0 events):
No events

Internal exceptions (5 events):
Event: 0.101 Thread 0x0223cc00 Exception <a 'java/lang/NoSuchMethodError': Method sun.misc.Unsafe.defineClass(Ljava/lang/String;[BII)Ljava/lang/Class; name or signature does not match> (0x04406ea8) thrown at [C:\re\workspace\8-2-build-windows-i586-cygwin\jdk8u101\7261\hotspot\src\share\·–\÷ﬁπ?
Event: 0.101 Thread 0x0223cc00 Exception <a 'java/lang/NoSuchMethodError': Method sun.misc.Unsafe.prefetchRead(Ljava/lang/Object;J)V name or signature does not match> (0x04407178) thrown at [C:\re\workspace\8-2-build-windows-i586-cygwin\jdk8u101\7261\hotspot\src\share\vm\prims\jni.cpp, @≈Ç§&@
Event: 4.288 Thread 0x44d58c00 Exception <a 'java/lang/ArrayIndexOutOfBoundsException': 18> (0x05110478) thrown at [C:\re\workspace\8-2-build-windows-i586-cygwin\jdk8u101\7261\hotspot\src\share\vm\interpreter\interpreterRuntime.cpp, line 366]
Event: 4.288 Thread 0x44d58c00 Exception <a 'java/lang/ArrayIndexOutOfBoundsException': 145> (0x05111d18) thrown at [C:\re\workspace\8-2-build-windows-i586-cygwin\jdk8u101\7261\hotspot\src\share\vm\interpreter\interpreterRuntime.cpp, line 366]
Event: 4.301 Thread 0x44d58c00 Exception <a 'java/lang/ArrayIndexOutOfBoundsException': 40> (0x05112df8) thrown at [C:\re\workspace\8-2-build-windows-i586-cygwin\jdk8u101\7261\hotspot\src\share\vm\interpreter\interpreterRuntime.cpp, line 366]

Events (10 events):
Event: 8.036 Executing VM operation: GenCollectForAllocation
Event: 8.074 Executing VM operation: GenCollectForAllocation done
Event: 8.185 Thread 0x44c0b000 flushing nmethod 0x025e81c8
Event: 8.191 Executing VM operation: GenCollectForAllocation
Event: 8.231 Executing VM operation: GenCollectForAllocation done
Event: 8.328 Executing VM operation: GenCollectForAllocation
Event: 8.984 Executing VM operation: GenCollectForAllocation done
Event: 10.808 Executing VM operation: GenCollectForAllocation
Event: 11.625 Executing VM operation: GenCollectForAllocation done
Event: 13.159 Executing VM operation: GenCollectForAllocation


Dynamic libraries:
0x001b0000 - 0x001e3000 	C:\Program Files (x86)\Java\jdk1.8.0_101\bin\java.exe
0x771d0000 - 0x7733e000 	C:\Windows\SYSTEM32\ntdll.dll
0x75650000 - 0x75790000 	C:\Windows\SYSTEM32\KERNEL32.DLL
0x759a0000 - 0x75a70000 	C:\Windows\SYSTEM32\KERNELBASE.dll
0x71270000 - 0x71309000 	C:\Windows\system32\apphelp.dll
0x54670000 - 0x548c9000 	C:\Windows\AppPatch\AcGenral.DLL
0x74e90000 - 0x74f4e000 	C:\Windows\SYSTEM32\msvcrt.dll
0x74e50000 - 0x74e8e000 	C:\Windows\SYSTEM32\sechost.dll
0x74ac0000 - 0x74add000 	C:\Windows\SYSTEM32\SspiCli.dll
0x75a70000 - 0x75ab1000 	C:\Windows\SYSTEM32\SHLWAPI.dll
0x71670000 - 0x7174b000 	C:\Windows\SYSTEM32\UxTheme.dll
0x76ec0000 - 0x7700c000 	C:\Windows\SYSTEM32\USER32.dll
0x752d0000 - 0x753d7000 	C:\Windows\SYSTEM32\GDI32.dll
0x5bb20000 - 0x5bb40000 	C:\Windows\SYSTEM32\WINMM.dll
0x5e360000 - 0x5e372000 	C:\Windows\SYSTEM32\samcli.dll
0x75890000 - 0x7599c000 	C:\Windows\SYSTEM32\ole32.dll
0x74c80000 - 0x74d15000 	C:\Windows\SYSTEM32\OLEAUT32.dll
0x5e720000 - 0x5e735000 	C:\Windows\SYSTEM32\MSACM32.dll
0x74770000 - 0x74778000 	C:\Windows\SYSTEM32\VERSION.dll
0x75ac0000 - 0x76d6c000 	C:\Windows\SYSTEM32\SHELL32.dll
0x711a0000 - 0x711b9000 	C:\Windows\SYSTEM32\USERENV.dll
0x717b0000 - 0x717c8000 	C:\Windows\SYSTEM32\dwmapi.dll
0x6c750000 - 0x6c89a000 	C:\Windows\SYSTEM32\urlmon.dll
0x750c0000 - 0x75138000 	C:\Windows\SYSTEM32\ADVAPI32.dll
0x71800000 - 0x7185e000 	C:\Windows\SYSTEM32\WINSPOOL.DRV
0x5e270000 - 0x5e284000 	C:\Windows\SYSTEM32\MPR.dll
0x75220000 - 0x752d0000 	C:\Windows\SYSTEM32\RPCRT4.dll
0x74ab0000 - 0x74ab9000 	C:\Windows\SYSTEM32\CRYPTBASE.dll
0x76d70000 - 0x76ebe000 	C:\Windows\SYSTEM32\combase.dll
0x5bb00000 - 0x5bb20000 	C:\Windows\SYSTEM32\WINMMBASE.dll
0x710d0000 - 0x710de000 	C:\Windows\SYSTEM32\profapi.dll
0x6dbb0000 - 0x6dde2000 	C:\Windows\SYSTEM32\iertutil.dll
0x6c280000 - 0x6c455000 	C:\Windows\SYSTEM32\WININET.dll
0x74a50000 - 0x74aa2000 	C:\Windows\SYSTEM32\bcryptPrimitives.dll
0x75790000 - 0x757ca000 	C:\Windows\SYSTEM32\cfgmgr32.dll
0x72190000 - 0x721af000 	C:\Windows\SYSTEM32\DEVOBJ.dll
0x71c40000 - 0x71cb6000 	C:\Windows\SYSTEM32\SHCORE.DLL
0x757d0000 - 0x757f5000 	C:\Windows\system32\IMM32.DLL
0x74d30000 - 0x74e42000 	C:\Windows\SYSTEM32\MSCTF.dll
0x70ee0000 - 0x710c6000 	C:\Windows\WinSxS\x86_microsoft.windows.common-controls_6595b64144ccf1df_6.0.9600.17031_none_a9efdb8b01377ea7\COMCTL32.dll
0x77d90000 - 0x77e4f000 	C:\Program Files (x86)\Java\jdk1.8.0_101\jre\bin\msvcr100.dll
0x6cf90000 - 0x6d35c000 	C:\Program Files (x86)\Java\jdk1.8.0_101\jre\bin\client\jvm.dll
0x72230000 - 0x72238000 	C:\Windows\SYSTEM32\WSOCK32.dll
0x753e0000 - 0x753e6000 	C:\Windows\SYSTEM32\PSAPI.DLL
0x770b0000 - 0x770fd000 	C:\Windows\SYSTEM32\WS2_32.dll
0x74c70000 - 0x74c77000 	C:\Windows\SYSTEM32\NSI.dll
0x5fe70000 - 0x5fe7c000 	C:\Program Files (x86)\Java\jdk1.8.0_101\jre\bin\verify.dll
0x5cc30000 - 0x5cc51000 	C:\Program Files (x86)\Java\jdk1.8.0_101\jre\bin\java.dll
0x5d390000 - 0x5d3a3000 	C:\Program Files (x86)\Java\jdk1.8.0_101\jre\bin\zip.dll
0x72040000 - 0x72188000 	C:\Windows\SYSTEM32\dbghelp.dll

VM Arguments:
jvm_args: -Xmx1G 
java_command: C:\Users\Bharat\AppData\Local\Android\android-sdk\build-tools\25.0.2\\lib\dx.jar --no-strict --dex --output=obj\Debug\android\bin obj\Debug\android\bin\classes C:\Program Files (x86)\Reference Assemblies\Microsoft\Framework\MonoAndroid\v7.0\mono.android.jar obj\Debug\__library_projects__\FormsViewGroup\library_project_imports\formsviewgroup.jar obj\Debug\__library_projects__\Syncfusion.SfChart.Android\library_project_imports\bin\SfChart.Android.jar C:\Users\Bharat\AppData\Local\Xamarin\Xamarin.Android.Support.Animated.Vector.Drawable\23.3.0.0\embedded\classes.jar C:\Users\Bharat\AppData\Local\Xamarin\Xamarin.Android.Support.Design\23.3.0.0\embedded\classes.jar C:\Users\Bharat\AppData\Local\Xamarin\Xamarin.Android.Support.v4\23.3.0.0\embedded\classes.jar C:\Users\Bharat\AppData\Local\Xamarin\Xamarin.Android.Support.v4\23.3.0.0\embedded\libs\internal_impl-23.3.0.jar C:\Users\Bharat\AppData\Local\Xamarin\Xamarin.Android.Support.v7.AppCompat\23.3.0.0\embedded\classes.jar C:\Users\Bharat\AppData\Local\Xamarin\Xamarin.Android.Support.v7.CardView\23.3.0.0\embedded\classes.jar C:\Users\Bharat\AppData\Local\Xamarin\Xamarin.Android.Support.v7.MediaRouter\23.3.0.0\embedded\classes.jar C:\Users\Bharat\AppData\Local\Xamarin\Xamarin.Android.Support.v7.MediaRouter\23.3.0.0\embedded\libs\internal_impl-23.3.0.jar C:\Users\Bharat\AppData\Local\Xamarin\Xamarin.Android.Support.v7.RecyclerView\23.3.0.0\embedded\classes.jar C:\Users\Bharat\AppData\Local\Xamarin\Xamarin.Android.Support.Vector.Drawable\23.3.0.0\embedded\classes.jar
java_class_path (initial): C:\Users\Bharat\AppData\Local\Android\android-sdk\build-tools\25.0.2\\lib\dx.jar
Launcher Type: SUN_STANDARD

Environment Variables:
PATH=C:\Program Files (x86)\Java\jdk1.8.0_101\bin;C:\ProgramData\Oracle\Java\javapath;C:\Windows\system32;C:\Windows;C:\Windows\System32\Wbem;C:\Windows\System32\WindowsPowerShell\v1.0\;C:\Program Files (x86)\Windows Kits\8.1\Windows Performance Toolkit\;C:\Program Files\Microsoft SQL Server\110\Tools\Binn\;C:\Program Files (x86)\Microsoft SDKs\TypeScript\1.0\;C:\Program Files\Microsoft SQL Server\120\Tools\Binn\;C:\Program Files\TortoiseSVN\bin;c:\Program Files (x86)\Microsoft SQL Server\110\Tools\Binn\;c:\Program Files\Microsoft SQL Server\110\DTS\Binn\;c:\Program Files (x86)\Microsoft SQL Server\100\Tools\Binn\VSShell\Common7\IDE\;c:\Program Files (x86)\Microsoft SQL Server\100\Tools\Binn\;c:\Program Files\Microsoft SQL Server\100\Tools\Binn\;c:\Program Files (x86)\Microsoft SQL Server\100\DTS\Binn\;c:\Program Files (x86)\Microsoft SQL Server\110\Tools\Binn\ManagementStudio\;c:\Program Files (x86)\Microsoft SQL Server\110\DTS\Binn\;C:\Users\Bharat\.dnx\bin;C:\Program Files\Microsoft DNX\Dnvm\;C:\Program Files\Microsoft SQL Server\130\Tools\Binn\;C:\adb
USERNAME=Bharat
OS=Windows_NT
PROCESSOR_IDENTIFIER=Intel64 Family 6 Model 37 Stepping 5, GenuineIntel



---------------  S Y S T E M  ---------------

OS: Windows 8.1 , 64 bit Build 9600 (6.3.9600.17056)

CPU:total 4 (2 cores per cpu, 2 threads per core) family 6 model 37 stepping 5, cmov, cx8, fxsr, mmx, sse, sse2, sse3, ssse3, sse4.1, sse4.2, popcnt, aes, clmul, ht, tsc, tscinvbit

Memory: 4k page, physical 4052836k(284772k free), swap 7198564k(10352k free)

vm_info: Java HotSpot(TM) Client VM (25.101-b13) for windows-x86 JRE (1.8.0_101-b13), built on Jun 22 2016 00:45:44 by "java_re" with MS VC++ 10.0 (VS2010)

time: Mon Feb 13 15:53:33 2017
elapsed time: 14 seconds (0d 0h 0m 14s)

